[debug] [2018-05-09T18:31:31.898Z] ----------------------------------------------------------------------
[debug] [2018-05-09T18:31:31.901Z] Command:       /usr/local/bin/node /usr/local/bin/firebase deploy
[debug] [2018-05-09T18:31:31.901Z] CLI Version:   3.18.4
[debug] [2018-05-09T18:31:31.901Z] Platform:      darwin
[debug] [2018-05-09T18:31:31.901Z] Node Version:  v8.9.4
[debug] [2018-05-09T18:31:31.901Z] Time:          Wed May 09 2018 11:31:31 GMT-0700 (PDT)
[debug] [2018-05-09T18:31:31.901Z] ----------------------------------------------------------------------
[debug] 
[debug] [2018-05-09T18:31:31.913Z] > command requires scopes: ["email","openid","https://www.googleapis.com/auth/cloudplatformprojects.readonly","https://www.googleapis.com/auth/firebase","https://www.googleapis.com/auth/cloud-platform"]
[debug] [2018-05-09T18:31:31.913Z] > authorizing via signed-in user
[debug] [2018-05-09T18:31:31.914Z] >>> HTTP REQUEST GET https://admin.firebase.com/v1/projects/studyhub-2  
  
 Wed May 09 2018 11:31:31 GMT-0700 (PDT)
[debug] [2018-05-09T18:31:32.366Z] <<< HTTP RESPONSE 200
[debug] [2018-05-09T18:31:32.367Z] >>> HTTP REQUEST GET https://admin.firebase.com/v1/database/studyhub-2/tokens  
  
 Wed May 09 2018 11:31:32 GMT-0700 (PDT)
[debug] [2018-05-09T18:31:32.729Z] <<< HTTP RESPONSE 200
[info] 
[info] === Deploying to 'studyhub-2'...
[info] 
[info] i  deploying functions, hosting
[info] Running command: npm --prefix "$RESOURCE_DIR" run lint
[info] ✔  functions: Finished running predeploy script.
[info] Running command: ng build --prod
